<?xml version="1.0" encoding="utf-8"?><testsuites name="pytest tests"><testsuite name="pytest" errors="0" failures="0" skipped="1" tests="49" time="47.805" timestamp="2026-05-23T12:22:44.683404+00:00" hostname="agent-env-ae7972b5-2f77-4c86-9246-d8cd7ad76c1c"><testcase classname="backend.tests.test_force_and_extras.TestAdminForceEndToEnd" name="test_force_win_resolves_as_won" time="11.452" /><testcase classname="backend.tests.test_force_and_extras.TestAdminForceEndToEnd" name="test_force_lose_resolves_as_lost" time="11.602" /><testcase classname="backend.tests.test_force_and_extras.TestAdminForceEndToEnd" name="test_force_unknown_trade" time="0.178" /><testcase classname="backend.tests.test_force_and_extras.TestAuthExtras" name="test_change_password_and_relogin" time="0.648" /><testcase classname="backend.tests.test_force_and_extras.TestAuthExtras" name="test_change_password_wrong_current" time="0.466" /><testcase classname="backend.tests.test_force_and_extras.TestAuthExtras" name="test_profile_update" time="0.309" /><testcase classname="backend.tests.test_force_and_extras.TestAssetsExtras" name="test_assets_min_count" time="0.192" /><testcase classname="backend.tests.test_force_and_extras.TestAssetsExtras" name="test_otc_candles_xauusd_60s" time="0.156" /><testcase classname="backend.tests.test_force_and_extras.TestAssetsExtras" name="test_live_candles_eurusd_60s" time="0.148"><skipped type="pytest.skip" message="EURUSD not configured as a live asset on this build">/app/backend/tests/test_force_and_extras.py:163: EURUSD not configured as a live asset on this build</skipped></testcase><testcase classname="backend.tests.test_force_and_extras.TestAssetsExtras" name="test_price_engine_ticking" time="6.271" /><testcase classname="backend.tests.test_quotex_backend.TestHealthAndMarket" name="test_assets_list" time="0.197" /><testcase classname="backend.tests.test_quotex_backend.TestHealthAndMarket" name="test_price_endpoint" time="0.168" /><testcase classname="backend.tests.test_quotex_backend.TestHealthAndMarket" name="test_price_unknown_asset" time="0.224" /><testcase classname="backend.tests.test_quotex_backend.TestHealthAndMarket" name="test_candles_endpoint" time="0.201" /><testcase classname="backend.tests.test_quotex_backend.TestAuth" name="test_admin_login" time="0.213" /><testcase classname="backend.tests.test_quotex_backend.TestAuth" name="test_master_login" time="0.146" /><testcase classname="backend.tests.test_quotex_backend.TestAuth" name="test_login_bad_password" time="0.156" /><testcase classname="backend.tests.test_quotex_backend.TestAuth" name="test_login_unknown_user" time="0.179" /><testcase classname="backend.tests.test_quotex_backend.TestAuth" name="test_signup_and_me" time="0.362" /><testcase classname="backend.tests.test_quotex_backend.TestAuth" name="test_signup_duplicate" time="0.121" /><testcase classname="backend.tests.test_quotex_backend.TestAuth" name="test_me_requires_auth" time="0.199" /><testcase classname="backend.tests.test_quotex_backend.TestAuth" name="test_switch_account" time="0.400" /><testcase classname="backend.tests.test_quotex_backend.TestAuth" name="test_switch_invalid" time="0.200" /><testcase classname="backend.tests.test_quotex_backend.TestAuth" name="test_reset_demo" time="0.200" /><testcase classname="backend.tests.test_quotex_backend.TestPublicEndpoints" name="test_settings_public_requires_auth" time="0.127" /><testcase classname="backend.tests.test_quotex_backend.TestPublicEndpoints" name="test_settings_public_ok" time="0.125" /><testcase classname="backend.tests.test_quotex_backend.TestPublicEndpoints" name="test_announcements_active" time="0.126" /><testcase classname="backend.tests.test_quotex_backend.TestPublicEndpoints" name="test_leaderboard" time="0.200" /><testcase classname="backend.tests.test_quotex_backend.TestTrades" name="test_place_trade_invalid" time="0.167" /><testcase classname="backend.tests.test_quotex_backend.TestTrades" name="test_place_trade_bad_amount" time="0.129" /><testcase classname="backend.tests.test_quotex_backend.TestTrades" name="test_place_trade_bad_asset" time="0.197" /><testcase classname="backend.tests.test_quotex_backend.TestTrades" name="test_place_trade_insufficient_live" time="0.323" /><testcase classname="backend.tests.test_quotex_backend.TestTrades" name="test_place_trade_and_resolve" time="6.551" /><testcase classname="backend.tests.test_quotex_backend.TestTrades" name="test_list_trades_requires_auth" time="0.162" /><testcase classname="backend.tests.test_quotex_backend.TestDepositWithdraw" name="test_deposit_minimum" time="0.164" /><testcase classname="backend.tests.test_quotex_backend.TestDepositWithdraw" name="test_deposit_create_and_list" time="0.267" /><testcase classname="backend.tests.test_quotex_backend.TestDepositWithdraw" name="test_withdrawal_insufficient" time="0.125" /><testcase classname="backend.tests.test_quotex_backend.TestDepositWithdraw" name="test_admin_approve_deposit_credits_balance" time="0.555" /><testcase classname="backend.tests.test_quotex_backend.TestDepositWithdraw" name="test_withdrawal_after_deposit_and_admin_reject_refunds" time="0.717" /><testcase classname="backend.tests.test_quotex_backend.TestAdmin" name="test_non_admin_forbidden" time="0.125" /><testcase classname="backend.tests.test_quotex_backend.TestAdmin" name="test_admin_users" time="0.192" /><testcase classname="backend.tests.test_quotex_backend.TestAdmin" name="test_admin_trades" time="0.161" /><testcase classname="backend.tests.test_quotex_backend.TestAdmin" name="test_admin_settings_get_put" time="0.228" /><testcase classname="backend.tests.test_quotex_backend.TestAdmin" name="test_admin_stats" time="0.199" /><testcase classname="backend.tests.test_quotex_backend.TestAdmin" name="test_admin_force_trade_outcome" time="0.418" /><testcase classname="backend.tests.test_quotex_backend.TestAdmin" name="test_admin_user_balance_adjust" time="0.304" /><testcase classname="backend.tests.test_quotex_backend.TestAnnouncements" name="test_admin_announcement_crud" time="0.576" /><testcase classname="backend.tests.test_quotex_backend.TestSupport" name="test_support_ticket_flow" time="0.824" /><testcase classname="backend.tests.test_quotex_backend.TestSupport" name="test_support_create_validation" time="0.233" /></testsuite></testsuites>