<?xml version="1.0" encoding="utf-8"?><testsuites name="pytest tests"><testsuite name="pytest" errors="0" failures="0" skipped="0" tests="39" time="18.201" timestamp="2026-04-29T21:28:38.385774+00:00" hostname="agent-env-a5730a03-2457-497b-ba22-f73351bfa80b"><testcase classname="backend.tests.test_quotex_backend.TestHealthAndMarket" name="test_assets_list" time="0.198" /><testcase classname="backend.tests.test_quotex_backend.TestHealthAndMarket" name="test_price_endpoint" time="0.223" /><testcase classname="backend.tests.test_quotex_backend.TestHealthAndMarket" name="test_price_unknown_asset" time="0.384" /><testcase classname="backend.tests.test_quotex_backend.TestHealthAndMarket" name="test_candles_endpoint" time="0.371" /><testcase classname="backend.tests.test_quotex_backend.TestAuth" name="test_admin_login" time="0.304" /><testcase classname="backend.tests.test_quotex_backend.TestAuth" name="test_master_login" time="0.476" /><testcase classname="backend.tests.test_quotex_backend.TestAuth" name="test_login_bad_password" time="0.263" /><testcase classname="backend.tests.test_quotex_backend.TestAuth" name="test_login_unknown_user" time="0.177" /><testcase classname="backend.tests.test_quotex_backend.TestAuth" name="test_signup_and_me" time="0.465" /><testcase classname="backend.tests.test_quotex_backend.TestAuth" name="test_signup_duplicate" time="0.541" /><testcase classname="backend.tests.test_quotex_backend.TestAuth" name="test_me_requires_auth" time="0.214" /><testcase classname="backend.tests.test_quotex_backend.TestAuth" name="test_switch_account" time="0.271" /><testcase classname="backend.tests.test_quotex_backend.TestAuth" name="test_switch_invalid" time="0.183" /><testcase classname="backend.tests.test_quotex_backend.TestAuth" name="test_reset_demo" time="0.207" /><testcase classname="backend.tests.test_quotex_backend.TestPublicEndpoints" name="test_settings_public_requires_auth" time="0.192" /><testcase classname="backend.tests.test_quotex_backend.TestPublicEndpoints" name="test_settings_public_ok" time="0.191" /><testcase classname="backend.tests.test_quotex_backend.TestPublicEndpoints" name="test_announcements_active" time="0.153" /><testcase classname="backend.tests.test_quotex_backend.TestPublicEndpoints" name="test_leaderboard" time="0.156" /><testcase classname="backend.tests.test_quotex_backend.TestTrades" name="test_place_trade_invalid" time="0.212" /><testcase classname="backend.tests.test_quotex_backend.TestTrades" name="test_place_trade_bad_amount" time="0.141" /><testcase classname="backend.tests.test_quotex_backend.TestTrades" name="test_place_trade_bad_asset" time="0.144" /><testcase classname="backend.tests.test_quotex_backend.TestTrades" name="test_place_trade_insufficient_live" time="0.430" /><testcase classname="backend.tests.test_quotex_backend.TestTrades" name="test_place_trade_and_resolve" time="6.488" /><testcase classname="backend.tests.test_quotex_backend.TestTrades" name="test_list_trades_requires_auth" time="0.177" /><testcase classname="backend.tests.test_quotex_backend.TestDepositWithdraw" name="test_deposit_minimum" time="0.218" /><testcase classname="backend.tests.test_quotex_backend.TestDepositWithdraw" name="test_deposit_create_and_list" time="0.237" /><testcase classname="backend.tests.test_quotex_backend.TestDepositWithdraw" name="test_withdrawal_insufficient" time="0.156" /><testcase classname="backend.tests.test_quotex_backend.TestDepositWithdraw" name="test_admin_approve_deposit_credits_balance" time="0.742" /><testcase classname="backend.tests.test_quotex_backend.TestDepositWithdraw" name="test_withdrawal_after_deposit_and_admin_reject_refunds" time="0.539" /><testcase classname="backend.tests.test_quotex_backend.TestAdmin" name="test_non_admin_forbidden" time="0.194" /><testcase classname="backend.tests.test_quotex_backend.TestAdmin" name="test_admin_users" time="0.196" /><testcase classname="backend.tests.test_quotex_backend.TestAdmin" name="test_admin_trades" time="0.203" /><testcase classname="backend.tests.test_quotex_backend.TestAdmin" name="test_admin_settings_get_put" time="0.338" /><testcase classname="backend.tests.test_quotex_backend.TestAdmin" name="test_admin_stats" time="0.153" /><testcase classname="backend.tests.test_quotex_backend.TestAdmin" name="test_admin_force_trade_outcome" time="0.485" /><testcase classname="backend.tests.test_quotex_backend.TestAdmin" name="test_admin_user_balance_adjust" time="0.265" /><testcase classname="backend.tests.test_quotex_backend.TestAnnouncements" name="test_admin_announcement_crud" time="0.592" /><testcase classname="backend.tests.test_quotex_backend.TestSupport" name="test_support_ticket_flow" time="1.038" /><testcase classname="backend.tests.test_quotex_backend.TestSupport" name="test_support_create_validation" time="0.163" /></testsuite></testsuites>